2024-08-04 08:07:28.563 [pool-3-thread-1] INFO  com.rs.mv.mvvs.client.catalog.from.scan.CurrentPathScanner - [client:400205]scan file in current open file directory(C:/Users/HP/OneDrive/Desktop/Rexett-pro/Omar---Jasvir-Rexett-Frontend/src/components/Header)
2024-08-04 08:11:37.979 [pool-3-thread-1] INFO  com.rs.mv.mvvs.client.catalog.from.scan.CurrentPathScanner - [client:400205]scan file in current open file directory(C:/Users/HP/OneDrive/Desktop/Rexett-pro/Omar---Jasvir-Rexett-Frontend/build/static/js)
2024-08-04 08:16:11.019 [pool-3-thread-1] INFO  com.rs.mv.mvvs.client.catalog.from.scan.CurrentPathScanner - [client:400205]scan file in current open file directory(C:/Users/HP/OneDrive/Desktop/Rexett-pro/Omar---Jasvir-Rexett-Frontend/src/components/Header)
2024-08-04 08:16:11.077 [pool-3-thread-1] INFO  com.rs.mv.mvvs.client.catalog.from.scan.CurrentPathScanner - [client:400205]scan file in current open file directory(C:/Users/HP/OneDrive/Desktop/Rexett-pro/Omar---Jasvir-Rexett-Frontend/src/pages/websiteRegisterForm/developer)
2024-08-04 08:16:11.090 [pool-3-thread-1] INFO  com.rs.mv.mvvs.client.catalog.from.scan.CurrentPathScanner - [client:400205]scan file in current open file directory(C:/Users/HP/OneDrive/Desktop/Rexett-pro/Omar---Jasvir-Rexett-Frontend/src/pages/views)
2024-08-04 08:20:09.573 [pool-3-thread-1] INFO  com.rs.mv.mvvs.client.catalog.from.scan.CurrentPathScanner - [client:400205]scan file in current open file directory(C:/Users/HP/OneDrive/Desktop/Rexett-pro/Omar---Jasvir-Rexett-Frontend/src/components/clients/TimeReporiting)
2024-08-04 08:20:36.665 [pool-3-thread-1] INFO  com.rs.mv.mvvs.client.catalog.from.scan.CurrentPathScanner - [client:400205]scan file in current open file directory(C:/Users/HP/OneDrive/Desktop/Rexett-pro/Omar---Jasvir-Rexett-Frontend/src/components/Header)
2024-08-04 09:09:46.574 [pool-3-thread-1] INFO  com.rs.mv.mvvs.client.catalog.from.scan.CurrentPathScanner - [client:400205]scan file in current open file directory(C:/Users/HP/OneDrive/Desktop/Rexett-pro/Omar---Jasvir-Rexett-Frontend/src)
2024-08-04 09:09:58.409 [pool-3-thread-1] INFO  com.rs.mv.mvvs.client.catalog.from.scan.CurrentPathScanner - [client:400205]scan file in current open file directory(C:/Users/HP/OneDrive/Desktop/Rexett-pro/Omar---Jasvir-Rexett-Frontend/src)
2024-08-04 09:10:43.518 [pool-3-thread-1] INFO  com.rs.mv.mvvs.client.catalog.from.scan.CurrentPathScanner - [client:400205]scan file in current open file directory(C:/Users/HP/OneDrive/Desktop/Rexett-pro/Omar---Jasvir-Rexett-Frontend/src/pages/Registration flows/Vendor Registration Flow)
2024-08-04 09:11:38.565 [pool-3-thread-1] INFO  com.rs.mv.mvvs.client.catalog.from.scan.CurrentPathScanner - [client:400205]scan file in current open file directory(C:/Users/HP/OneDrive/Desktop/Rexett-pro/Omar---Jasvir-Rexett-Frontend/src)
2024-08-04 09:13:16.867 [pool-3-thread-1] INFO  com.rs.mv.mvvs.client.catalog.from.scan.CurrentPathScanner - [client:400205]scan file in current open file directory(C:/Users/HP/OneDrive/Desktop/Rexett-pro/Omar---Jasvir-Rexett-Frontend/src/pages/Registration flows/Vendor Registration Flow)
2024-08-04 09:34:42.108 [pool-3-thread-1] INFO  com.rs.mv.mvvs.client.catalog.from.scan.CurrentPathScanner - [client:400205]scan file in current open file directory(C:/Users/HP/OneDrive/Desktop/Rexett-pro/Omar---Jasvir-Rexett-Frontend/src/pages/Registration flows/Client Registration flow)
2024-08-04 09:34:54.329 [pool-3-thread-1] INFO  com.rs.mv.mvvs.client.catalog.from.scan.CurrentPathScanner - [client:400205]scan file in current open file directory(C:/Users/HP/OneDrive/Desktop/Rexett-pro/Omar---Jasvir-Rexett-Frontend/src/pages/Registration flows/Vendor Registration Flow)
2024-08-04 15:15:12.178 [pool-3-thread-1] INFO  com.rs.mv.mvvs.client.catalog.from.scan.CurrentPathScanner - [client:400205]scan file in current open file directory(C:/Users/HP/OneDrive/Desktop/Rexett-pro/Omar---Jasvir-Rexett-Frontend/src/pages/Registration flows/Client Registration flow)
2024-08-04 15:15:40.357 [pool-3-thread-1] INFO  com.rs.mv.mvvs.client.catalog.from.scan.CurrentPathScanner - [client:400205]scan file in current open file directory(C:/Users/HP/OneDrive/Desktop/Rexett-pro/Omar---Jasvir-Rexett-Frontend/src/pages/Registration flows/Vendor Registration Flow)
2024-08-04 15:20:09.712 [pool-3-thread-1] INFO  com.rs.mv.mvvs.client.catalog.from.scan.CurrentPathScanner - [client:400205]scan file in current open file directory(C:/Users/HP/OneDrive/Desktop/Rexett-pro/Omar---Jasvir-Rexett-Frontend/src/pages/Registration flows/Client Registration flow)
2024-08-04 15:20:17.000 [pool-3-thread-1] INFO  com.rs.mv.mvvs.client.catalog.from.scan.CurrentPathScanner - [client:400205]scan file in current open file directory(C:/Users/HP/OneDrive/Desktop/Rexett-pro/Omar---Jasvir-Rexett-Frontend/src/pages/Registration flows/Vendor Registration Flow)
2024-08-04 15:20:30.139 [pool-3-thread-1] INFO  com.rs.mv.mvvs.client.catalog.from.scan.CurrentPathScanner - [client:400205]scan file in current open file directory(C:/Users/HP/OneDrive/Desktop/Rexett-pro/Omar---Jasvir-Rexett-Frontend/src/pages/Registration flows/Client Registration flow)
2024-08-04 15:23:32.738 [pool-3-thread-1] INFO  com.rs.mv.mvvs.client.catalog.from.scan.CurrentPathScanner - [client:400205]scan file in current open file directory(C:/Users/HP/OneDrive/Desktop/Rexett-pro/Omar---Jasvir-Rexett-Frontend/src/pages/Registration flows/Client Registration flow)
2024-08-04 15:23:39.843 [pool-3-thread-1] INFO  com.rs.mv.mvvs.client.catalog.from.scan.CurrentPathScanner - [client:400205]scan file in current open file directory(C:/Users/HP/OneDrive/Desktop/Rexett-pro/Omar---Jasvir-Rexett-Frontend/src/components/common)
2024-08-04 15:23:50.921 [pool-3-thread-1] INFO  com.rs.mv.mvvs.client.catalog.from.scan.CurrentPathScanner - [client:400205]scan file in current open file directory(C:/Users/HP/OneDrive/Desktop/Rexett-pro/Omar---Jasvir-Rexett-Frontend/src/pages/Registration flows/Client Registration flow)
2024-08-04 15:23:53.221 [pool-3-thread-1] INFO  com.rs.mv.mvvs.client.catalog.from.scan.CurrentPathScanner - [client:400205]scan file in current open file directory(C:/Users/HP/OneDrive/Desktop/Rexett-pro/Omar---Jasvir-Rexett-Frontend/src/pages/Registration flows/Vendor Registration Flow)
2024-08-04 15:47:40.231 [pool-3-thread-1] INFO  com.rs.mv.mvvs.client.catalog.from.scan.CurrentPathScanner - [client:400205]scan file in current open file directory(C:/Users/HP/OneDrive/Desktop/Rexett-pro/Omar---Jasvir-Rexett-Frontend/src/pages/websiteRegisterForm/developer)
2024-08-04 16:02:00.806 [pool-3-thread-1] INFO  com.rs.mv.mvvs.client.catalog.from.scan.CurrentPathScanner - [client:400205]scan file in current open file directory(C:/Users/HP/OneDrive/Desktop/Rexett-pro/Omar---Jasvir-Rexett-Frontend/src/components/Header)
2024-08-04 16:08:58.226 [pool-3-thread-1] INFO  com.rs.mv.mvvs.client.catalog.from.scan.CurrentPathScanner - [client:400205]scan file in current open file directory(C:/Users/HP/OneDrive/Desktop/Rexett-pro/Omar---Jasvir-Rexett-Frontend/src/components/Header)
2024-08-04 16:09:06.175 [pool-3-thread-1] INFO  com.rs.mv.mvvs.client.catalog.from.scan.CurrentPathScanner - [client:400205]scan file in current open file directory(C:/Users/HP/OneDrive/Desktop/Rexett-pro/Omar---Jasvir-Rexett-Frontend/src/redux/slices)
2024-08-04 16:13:18.884 [pool-3-thread-1] INFO  com.rs.mv.mvvs.client.catalog.from.scan.CurrentPathScanner - [client:400205]scan file in current open file directory(C:/Users/HP/OneDrive/Desktop/Rexett-pro/Omar---Jasvir-Rexett-Frontend/src/pages/websiteRegisterForm/developer)
2024-08-04 16:13:22.039 [pool-3-thread-1] INFO  com.rs.mv.mvvs.client.catalog.from.scan.CurrentPathScanner - [client:400205]scan file in current open file directory(C:/Users/HP/OneDrive/Desktop/Rexett-pro/Omar---Jasvir-Rexett-Frontend/src/redux/slices)
2024-08-04 16:13:23.933 [pool-3-thread-1] INFO  com.rs.mv.mvvs.client.catalog.from.scan.CurrentPathScanner - [client:400205]scan file in current open file directory(C:/Users/HP/OneDrive/Desktop/Rexett-pro/Omar---Jasvir-Rexett-Frontend/src/components/Header)
2024-08-04 16:16:51.353 [pool-3-thread-1] INFO  com.rs.mv.mvvs.client.catalog.from.scan.CurrentPathScanner - [client:400205]scan file in current open file directory(C:/Users/HP/OneDrive/Desktop/Rexett-pro/Omar---Jasvir-Rexett-Frontend/src/components/Header)
2024-08-04 16:43:38.912 [pool-3-thread-1] INFO  com.rs.mv.mvvs.client.catalog.from.scan.CurrentPathScanner - [client:400205]scan file in current open file directory(C:/Users/HP/OneDrive/Desktop/Rexett-pro/Omar---Jasvir-Rexett-Frontend/src/pages/websiteRegisterForm/developer)
2024-08-04 16:43:58.573 [pool-3-thread-1] INFO  com.rs.mv.mvvs.client.catalog.from.scan.CurrentPathScanner - [client:400205]scan file in current open file directory(C:/Users/HP/OneDrive/Desktop/Rexett-pro/Omar---Jasvir-Rexett-Frontend/src/components/Header)
2024-08-04 16:44:10.575 [pool-3-thread-1] INFO  com.rs.mv.mvvs.client.catalog.from.scan.CurrentPathScanner - [client:400205]scan file in current open file directory(C:/Users/HP/OneDrive/Desktop/Rexett-pro/Omar---Jasvir-Rexett-Frontend/src/components/Header)
2024-08-04 16:44:14.785 [pool-3-thread-1] INFO  com.rs.mv.mvvs.client.catalog.from.scan.CurrentPathScanner - [client:400205]scan file in current open file directory(C:/Users/HP/OneDrive/Desktop/Rexett-pro/Omar---Jasvir-Rexett-Frontend/src/pages/websiteRegisterForm/developer)
2024-08-04 16:44:20.901 [pool-3-thread-1] INFO  com.rs.mv.mvvs.client.catalog.from.scan.CurrentPathScanner - [client:400205]scan file in current open file directory(C:/Users/HP/OneDrive/Desktop/Rexett-pro/Omar---Jasvir-Rexett-Frontend/src/pages/websiteRegisterForm/vendor)
2024-08-04 16:44:32.690 [pool-3-thread-1] INFO  com.rs.mv.mvvs.client.catalog.from.scan.CurrentPathScanner - [client:400205]scan file in current open file directory(C:/Users/HP/OneDrive/Desktop/Rexett-pro/Omar---Jasvir-Rexett-Frontend/src/components/Header)
2024-08-04 16:44:37.845 [pool-3-thread-1] INFO  com.rs.mv.mvvs.client.catalog.from.scan.CurrentPathScanner - [client:400205]scan file in current open file directory(C:/Users/HP/OneDrive/Desktop/Rexett-pro/Omar---Jasvir-Rexett-Frontend/src/pages/websiteRegisterForm/vendor)
2024-08-04 16:44:48.345 [pool-3-thread-1] INFO  com.rs.mv.mvvs.client.catalog.from.scan.CurrentPathScanner - [client:400205]scan file in current open file directory(C:/Users/HP/OneDrive/Desktop/Rexett-pro/Omar---Jasvir-Rexett-Frontend/src/components/Header)
2024-08-04 16:44:55.045 [pool-3-thread-1] INFO  com.rs.mv.mvvs.client.catalog.from.scan.CurrentPathScanner - [client:400205]scan file in current open file directory(C:/Users/HP/OneDrive/Desktop/Rexett-pro/Omar---Jasvir-Rexett-Frontend/src/pages/websiteRegisterForm/vendor)
2024-08-04 16:45:05.191 [pool-3-thread-1] INFO  com.rs.mv.mvvs.client.catalog.from.scan.CurrentPathScanner - [client:400205]scan file in current open file directory(C:/Users/HP/OneDrive/Desktop/Rexett-pro/Omar---Jasvir-Rexett-Frontend/src/pages/views/Modals)
2024-08-04 16:45:09.161 [pool-3-thread-1] INFO  com.rs.mv.mvvs.client.catalog.from.scan.CurrentPathScanner - [client:400205]scan file in current open file directory(C:/Users/HP/OneDrive/Desktop/Rexett-pro/Omar---Jasvir-Rexett-Frontend/src/pages/views/Modals)
2024-08-04 16:45:41.364 [pool-3-thread-1] INFO  com.rs.mv.mvvs.client.catalog.from.scan.CurrentPathScanner - [client:400205]scan file in current open file directory(C:/Users/HP/OneDrive/Desktop/Rexett-pro/Omar---Jasvir-Rexett-Frontend/src/pages/websiteRegisterForm/vendor)
2024-08-04 16:45:44.278 [pool-3-thread-1] INFO  com.rs.mv.mvvs.client.catalog.from.scan.CurrentPathScanner - [client:400205]scan file in current open file directory(C:/Users/HP/OneDrive/Desktop/Rexett-pro/Omar---Jasvir-Rexett-Frontend/src/components/Header)
2024-08-04 16:53:43.557 [pool-3-thread-1] INFO  com.rs.mv.mvvs.client.catalog.from.scan.CurrentPathScanner - [client:400205]scan file in current open file directory(C:/Users/HP/OneDrive/Desktop/Rexett-pro/Omar---Jasvir-Rexett-Frontend/build/static/js)
2024-08-04 16:53:43.576 [pool-3-thread-1] INFO  com.rs.mv.mvvs.client.catalog.from.scan.CurrentPathScanner - [client:400205]scan file in current open file directory(C:/Users/HP/OneDrive/Desktop/Rexett-pro/Omar---Jasvir-Rexett-Frontend/src/components/Header)
2024-08-04 16:53:45.972 [pool-3-thread-1] INFO  com.rs.mv.mvvs.client.catalog.from.scan.CurrentPathScanner - [client:400205]scan file in current open file directory(C:/Users/HP/OneDrive/Desktop/Rexett-pro/Omar---Jasvir-Rexett-Frontend/src/pages/admin/ResumeSteps)
2024-08-04 16:54:08.393 [pool-3-thread-1] INFO  com.rs.mv.mvvs.client.catalog.from.scan.CurrentPathScanner - [client:400205]scan file in current open file directory(C:/Users/HP/OneDrive/Desktop/Rexett-pro/Omar---Jasvir-Rexett-Frontend/src/pages/admin/ResumeSteps)
2024-08-04 16:54:26.171 [pool-3-thread-1] INFO  com.rs.mv.mvvs.client.catalog.from.scan.CurrentPathScanner - [client:400205]scan file in current open file directory(C:/Users/HP/OneDrive/Desktop/Rexett-pro/Omar---Jasvir-Rexett-Frontend/src/pages/admin/ResumeSteps)
2024-08-04 16:54:59.611 [pool-3-thread-1] INFO  com.rs.mv.mvvs.client.catalog.from.scan.CurrentPathScanner - [client:400205]scan file in current open file directory(C:/Users/HP/OneDrive/Desktop/Rexett-pro/Omar---Jasvir-Rexett-Frontend/src/components/Header)
2024-08-04 16:59:04.307 [pool-3-thread-1] INFO  com.rs.mv.mvvs.client.catalog.from.scan.CurrentPathScanner - [client:400205]scan file in current open file directory(C:/Users/HP/OneDrive/Desktop/Rexett-pro/Omar---Jasvir-Rexett-Frontend/src/components/Header)
2024-08-04 16:59:20.781 [pool-3-thread-1] INFO  com.rs.mv.mvvs.client.catalog.from.scan.CurrentPathScanner - [client:400205]scan file in current open file directory(C:/Users/HP/OneDrive/Desktop/Rexett-pro/Omar---Jasvir-Rexett-Frontend/src/components/Header)
2024-08-04 17:00:24.576 [pool-3-thread-1] INFO  com.rs.mv.mvvs.client.catalog.from.scan.CurrentPathScanner - [client:400205]scan file in current open file directory(C:/Users/HP/OneDrive/Desktop/Rexett-pro/Omar---Jasvir-Rexett-Frontend/src/redux/slices)
2024-08-04 17:00:36.995 [pool-3-thread-1] INFO  com.rs.mv.mvvs.client.catalog.from.scan.CurrentPathScanner - [client:400205]scan file in current open file directory(C:/Users/HP/OneDrive/Desktop/Rexett-pro/Omar---Jasvir-Rexett-Frontend/src/components/Header)
2024-08-04 17:00:39.842 [pool-3-thread-1] INFO  com.rs.mv.mvvs.client.catalog.from.scan.CurrentPathScanner - [client:400205]scan file in current open file directory(C:/Users/HP/OneDrive/Desktop/Rexett-pro/Omar---Jasvir-Rexett-Frontend/src/pages/websiteRegisterForm/vendor)
2024-08-04 17:00:41.857 [pool-3-thread-1] INFO  com.rs.mv.mvvs.client.catalog.from.scan.CurrentPathScanner - [client:400205]scan file in current open file directory(C:/Users/HP/OneDrive/Desktop/Rexett-pro/Omar---Jasvir-Rexett-Frontend/src/components/Header)
2024-08-04 17:03:45.171 [pool-3-thread-1] INFO  com.rs.mv.mvvs.client.catalog.from.scan.CurrentPathScanner - [client:400205]scan file in current open file directory(C:/Users/HP/OneDrive/Desktop/Rexett-pro/Omar---Jasvir-Rexett-Frontend/src/components/Header)
2024-08-04 17:04:09.839 [pool-3-thread-1] INFO  com.rs.mv.mvvs.client.catalog.from.scan.CurrentPathScanner - [client:400205]scan file in current open file directory(C:/Users/HP/OneDrive/Desktop/Rexett-pro/Omar---Jasvir-Rexett-Frontend/src/components/Header)
2024-08-04 17:14:02.155 [pool-3-thread-1] INFO  com.rs.mv.mvvs.client.catalog.from.scan.CurrentPathScanner - [client:400205]scan file in current open file directory(C:/Users/HP/OneDrive/Desktop/Rexett-pro/Omar---Jasvir-Rexett-Frontend/src/pages/admin/ResumeSteps)
2024-08-04 17:14:15.681 [pool-3-thread-1] INFO  com.rs.mv.mvvs.client.catalog.from.scan.CurrentPathScanner - [client:400205]scan file in current open file directory(C:/Users/HP/OneDrive/Desktop/Rexett-pro/Omar---Jasvir-Rexett-Frontend/src/components/Header)
2024-08-04 17:15:26.734 [pool-3-thread-1] INFO  com.rs.mv.mvvs.client.catalog.from.scan.CurrentPathScanner - [client:400205]scan file in current open file directory(C:/Users/HP/OneDrive/Desktop/Rexett-pro/Omar---Jasvir-Rexett-Frontend/src/redux/slices)
2024-08-04 17:15:39.436 [pool-3-thread-1] INFO  com.rs.mv.mvvs.client.catalog.from.scan.CurrentPathScanner - [client:400205]scan file in current open file directory(C:/Users/HP/OneDrive/Desktop/Rexett-pro/Omar---Jasvir-Rexett-Frontend/src/components/Header)
2024-08-04 19:06:57.874 [main] WARN  com.rs.mv.mvvs.Startup - [LSP:100104]ROCKET MV BASIC EXTENSION exited
