2024-07-19 00:01:29.854 [pool-3-thread-1] INFO  com.rs.mv.mvvs.client.catalog.from.scan.CurrentPathScanner - [client:400205]scan file in current open file directory(C:/Users/HP/OneDrive/Desktop/Rexett-pro/Omar---Jasvir-Rexett-Frontend/src/pages/vendor)
2024-07-19 00:02:07.092 [pool-3-thread-1] INFO  com.rs.mv.mvvs.client.catalog.from.scan.CurrentPathScanner - [client:400205]scan file in current open file directory(C:/Users/HP/OneDrive/Desktop/Rexett-pro/Omar---Jasvir-Rexett-Frontend/src/pages/Registration flows/Vendor Registration Flow)
2024-07-19 00:04:20.509 [pool-3-thread-1] INFO  com.rs.mv.mvvs.client.catalog.from.scan.CurrentPathScanner - [client:400205]scan file in current open file directory(C:/Users/HP/OneDrive/Desktop/Rexett-pro/Omar---Jasvir-Rexett-Frontend/src/pages/websiteRegisterForm/vendor)
2024-07-19 00:04:22.744 [pool-3-thread-1] INFO  com.rs.mv.mvvs.client.catalog.from.scan.CurrentPathScanner - [client:400205]scan file in current open file directory(C:/Users/HP/OneDrive/Desktop/Rexett-pro/Omar---Jasvir-Rexett-Frontend/src/pages/vendor)
2024-07-19 00:04:28.281 [pool-3-thread-1] INFO  com.rs.mv.mvvs.client.catalog.from.scan.CurrentPathScanner - [client:400205]scan file in current open file directory(C:/Users/HP/OneDrive/Desktop/Rexett-pro/Omar---Jasvir-Rexett-Frontend/src/pages/Registration flows/Client Registration flow)
2024-07-19 00:05:05.247 [pool-3-thread-1] INFO  com.rs.mv.mvvs.client.catalog.from.scan.CurrentPathScanner - [client:400205]scan file in current open file directory(C:/Users/HP/OneDrive/Desktop/Rexett-pro/Omar---Jasvir-Rexett-Frontend/src/pages/Registration flows/Vendor Registration Flow)
2024-07-19 00:05:45.142 [pool-3-thread-1] INFO  com.rs.mv.mvvs.client.catalog.from.scan.CurrentPathScanner - [client:400205]scan file in current open file directory(C:/Users/HP/OneDrive/Desktop/Rexett-pro/Omar---Jasvir-Rexett-Frontend/src/pages/Registration flows/Client Registration flow)
2024-07-19 00:05:59.865 [pool-3-thread-1] INFO  com.rs.mv.mvvs.client.catalog.from.scan.CurrentPathScanner - [client:400205]scan file in current open file directory(C:/Users/HP/OneDrive/Desktop/Rexett-pro/Omar---Jasvir-Rexett-Frontend/src/components/atomic)
2024-07-19 00:06:29.647 [pool-3-thread-1] INFO  com.rs.mv.mvvs.client.catalog.from.scan.CurrentPathScanner - [client:400205]scan file in current open file directory(C:/Users/HP/OneDrive/Desktop/Rexett-pro/Omar---Jasvir-Rexett-Frontend/src/pages/Registration flows/Vendor Registration Flow)
2024-07-19 00:09:56.484 [pool-3-thread-1] INFO  com.rs.mv.mvvs.client.catalog.from.scan.CurrentPathScanner - [client:400205]scan file in current open file directory(C:/Users/HP/OneDrive/Desktop/Rexett-pro/Omar---Jasvir-Rexett-Frontend/src/pages/vendor)
2024-07-19 00:10:25.438 [pool-3-thread-1] INFO  com.rs.mv.mvvs.client.catalog.from.scan.CurrentPathScanner - [client:400205]scan file in current open file directory(C:/Users/HP/OneDrive/Desktop/Rexett-pro/Omar---Jasvir-Rexett-Frontend/src/pages/Registration flows/Vendor Registration Flow)
2024-07-19 00:11:33.696 [pool-3-thread-1] INFO  com.rs.mv.mvvs.client.catalog.from.scan.CurrentPathScanner - [client:400205]scan file in current open file directory(C:/Users/HP/OneDrive/Desktop/Rexett-pro/Omar---Jasvir-Rexett-Frontend/src/pages/vendor)
2024-07-19 00:12:18.413 [pool-3-thread-1] INFO  com.rs.mv.mvvs.client.catalog.from.scan.CurrentPathScanner - [client:400205]scan file in current open file directory(C:/Users/HP/OneDrive/Desktop/Rexett-pro/Omar---Jasvir-Rexett-Frontend/src/pages/Registration flows/Vendor Registration Flow)
2024-07-19 00:21:32.148 [pool-3-thread-1] INFO  com.rs.mv.mvvs.client.catalog.from.scan.CurrentPathScanner - [client:400205]scan file in current open file directory(C:/Users/HP/OneDrive/Desktop/Rexett-pro/Omar---Jasvir-Rexett-Frontend/src/pages/Registration flows/Client Registration flow)
2024-07-19 00:23:51.268 [pool-3-thread-1] INFO  com.rs.mv.mvvs.client.catalog.from.scan.CurrentPathScanner - [client:400205]scan file in current open file directory(C:/Users/HP/OneDrive/Desktop/Rexett-pro/Omar---Jasvir-Rexett-Frontend/src/pages/vendor)
2024-07-19 00:23:57.215 [pool-3-thread-1] INFO  com.rs.mv.mvvs.client.catalog.from.scan.CurrentPathScanner - [client:400205]scan file in current open file directory(C:/Users/HP/OneDrive/Desktop/Rexett-pro/Omar---Jasvir-Rexett-Frontend/src/pages/Registration flows/Vendor Registration Flow)
2024-07-19 00:24:38.926 [pool-3-thread-1] INFO  com.rs.mv.mvvs.client.catalog.from.scan.CurrentPathScanner - [client:400205]scan file in current open file directory(C:/Users/HP/OneDrive/Desktop/Rexett-pro/Omar---Jasvir-Rexett-Frontend/src/pages/Registration flows/Client Registration flow)
2024-07-19 00:26:22.264 [pool-3-thread-1] INFO  com.rs.mv.mvvs.client.catalog.from.scan.CurrentPathScanner - [client:400205]scan file in current open file directory(C:/Users/HP/OneDrive/Desktop/Rexett-pro/Omar---Jasvir-Rexett-Frontend/src/pages/vendor)
2024-07-19 00:26:29.426 [pool-3-thread-1] INFO  com.rs.mv.mvvs.client.catalog.from.scan.CurrentPathScanner - [client:400205]scan file in current open file directory(C:/Users/HP/OneDrive/Desktop/Rexett-pro/Omar---Jasvir-Rexett-Frontend/src/pages/Registration flows/Vendor Registration Flow)
2024-07-19 00:29:09.429 [pool-3-thread-1] INFO  com.rs.mv.mvvs.client.catalog.from.scan.CurrentPathScanner - [client:400205]scan file in current open file directory(C:/Users/HP/OneDrive/Desktop/Rexett-pro/Omar---Jasvir-Rexett-Frontend/src/components/atomic)
2024-07-19 00:29:55.878 [pool-3-thread-1] INFO  com.rs.mv.mvvs.client.catalog.from.scan.CurrentPathScanner - [client:400205]scan file in current open file directory(C:/Users/HP/OneDrive/Desktop/Rexett-pro/Omar---Jasvir-Rexett-Frontend/src/pages/Registration flows/Vendor Registration Flow)
2024-07-19 00:40:50.012 [pool-3-thread-1] INFO  com.rs.mv.mvvs.client.catalog.from.scan.CurrentPathScanner - [client:400205]scan file in current open file directory(C:/Users/HP/OneDrive/Desktop/Rexett-pro/Omar---Jasvir-Rexett-Frontend/src/pages/websiteRegisterForm/vendor)
2024-07-19 00:41:30.956 [pool-3-thread-1] INFO  com.rs.mv.mvvs.client.catalog.from.scan.CurrentPathScanner - [client:400205]scan file in current open file directory(C:/Users/HP/OneDrive/Desktop/Rexett-pro/Omar---Jasvir-Rexett-Frontend/src/pages/websiteRegisterForm/vendor)
2024-07-19 00:42:06.775 [pool-3-thread-1] INFO  com.rs.mv.mvvs.client.catalog.from.scan.CurrentPathScanner - [client:400205]scan file in current open file directory(C:/Users/HP/OneDrive/Desktop/Rexett-pro/Omar---Jasvir-Rexett-Frontend/src/pages/Registration flows/Vendor Registration Flow)
2024-07-19 00:46:44.559 [main] WARN  com.rs.mv.mvvs.Startup - [LSP:100104]ROCKET MV BASIC EXTENSION exited
